The system is: Linux - 3.17.0-1-ARCH - i686
Compiling the C compiler identification source file "CMakeCCompilerId.c" succeeded.
Compiler: /usr/bin/cc 
Build flags: 
Id flags: 

The output was:
0


Compilation of the C compiler identification source "CMakeCCompilerId.c" produced "a.out"

The C compiler identification is GNU, found in "/home/joaqim/tribble/build/CMakeFiles/3.0.2/CompilerIdC/a.out"

Compiling the CXX compiler identification source file "CMakeCXXCompilerId.cpp" succeeded.
Compiler: /usr/bin/c++ 
Build flags: 
Id flags: 

The output was:
0


Compilation of the CXX compiler identification source "CMakeCXXCompilerId.cpp" produced "a.out"

The CXX compiler identification is GNU, found in "/home/joaqim/tribble/build/CMakeFiles/3.0.2/CompilerIdCXX/a.out"

Determining if the C compiler works passed with the following output:
Change Dir: /home/joaqim/tribble/build/CMakeFiles/CMakeTmp

Run Build Command:"/usr/bin/make" "cmTryCompileExec679348389/fast"
/usr/bin/make -f CMakeFiles/cmTryCompileExec679348389.dir/build.make CMakeFiles/cmTryCompileExec679348389.dir/build
make[1]: Entering directory '/home/joaqim/tribble/build/CMakeFiles/CMakeTmp'
/usr/bin/cmake -E cmake_progress_report /home/joaqim/tribble/build/CMakeFiles/CMakeTmp/CMakeFiles 1
Building C object CMakeFiles/cmTryCompileExec679348389.dir/testCCompiler.c.o
/usr/bin/cc    -o CMakeFiles/cmTryCompileExec679348389.dir/testCCompiler.c.o   -c /home/joaqim/tribble/build/CMakeFiles/CMakeTmp/testCCompiler.c
Linking C executable cmTryCompileExec679348389
/usr/bin/cmake -E cmake_link_script CMakeFiles/cmTryCompileExec679348389.dir/link.txt --verbose=1
/usr/bin/cc       CMakeFiles/cmTryCompileExec679348389.dir/testCCompiler.c.o  -o cmTryCompileExec679348389 -rdynamic 
make[1]: Leaving directory '/home/joaqim/tribble/build/CMakeFiles/CMakeTmp'


Detecting C compiler ABI info compiled with the following output:
Change Dir: /home/joaqim/tribble/build/CMakeFiles/CMakeTmp

Run Build Command:"/usr/bin/make" "cmTryCompileExec3172544576/fast"
/usr/bin/make -f CMakeFiles/cmTryCompileExec3172544576.dir/build.make CMakeFiles/cmTryCompileExec3172544576.dir/build
make[1]: Entering directory '/home/joaqim/tribble/build/CMakeFiles/CMakeTmp'
/usr/bin/cmake -E cmake_progress_report /home/joaqim/tribble/build/CMakeFiles/CMakeTmp/CMakeFiles 1
Building C object CMakeFiles/cmTryCompileExec3172544576.dir/CMakeCCompilerABI.c.o
/usr/bin/cc    -o CMakeFiles/cmTryCompileExec3172544576.dir/CMakeCCompilerABI.c.o   -c /usr/share/cmake-3.0/Modules/CMakeCCompilerABI.c
Linking C executable cmTryCompileExec3172544576
/usr/bin/cmake -E cmake_link_script CMakeFiles/cmTryCompileExec3172544576.dir/link.txt --verbose=1
/usr/bin/cc     -v CMakeFiles/cmTryCompileExec3172544576.dir/CMakeCCompilerABI.c.o  -o cmTryCompileExec3172544576 -rdynamic  
Using built-in specs.
COLLECT_GCC=/usr/bin/cc
COLLECT_LTO_WRAPPER=/usr/lib/gcc/i686-pc-linux-gnu/4.9.1/lto-wrapper
Target: i686-pc-linux-gnu
Configured with: /build/gcc/src/gcc-4.9-20140903/configure --prefix=/usr --libdir=/usr/lib --libexecdir=/usr/lib --mandir=/usr/share/man --infodir=/usr/share/info --with-bugurl=https://bugs.archlinux.org/ --enable-languages=c,c++,ada,fortran,go,lto,objc,obj-c++ --enable-shared --enable-threads=posix --with-system-zlib --enable-__cxa_atexit --disable-libunwind-exceptions --enable-clocale=gnu --disable-libstdcxx-pch --disable-libssp --enable-gnu-unique-object --enable-linker-build-id --enable-cloog-backend=isl --disable-isl-version-check --disable-cloog-version-check --enable-lto --enable-plugin --enable-install-libiberty --with-linker-hash-style=gnu --disable-multilib --disable-werror --enable-checking=release
Thread model: posix
gcc version 4.9.1 20140903 (prerelease) (GCC) 
COMPILER_PATH=/usr/lib/gcc/i686-pc-linux-gnu/4.9.1/:/usr/lib/gcc/i686-pc-linux-gnu/4.9.1/:/usr/lib/gcc/i686-pc-linux-gnu/:/usr/lib/gcc/i686-pc-linux-gnu/4.9.1/:/usr/lib/gcc/i686-pc-linux-gnu/
LIBRARY_PATH=/usr/lib/gcc/i686-pc-linux-gnu/4.9.1/:/usr/lib/gcc/i686-pc-linux-gnu/4.9.1/../../../:/lib/:/usr/lib/
COLLECT_GCC_OPTIONS='-v' '-o' 'cmTryCompileExec3172544576' '-rdynamic' '-mtune=generic' '-march=pentiumpro'
 /usr/lib/gcc/i686-pc-linux-gnu/4.9.1/collect2 -plugin /usr/lib/gcc/i686-pc-linux-gnu/4.9.1/liblto_plugin.so -plugin-opt=/usr/lib/gcc/i686-pc-linux-gnu/4.9.1/lto-wrapper -plugin-opt=-fresolution=/tmp/ccE8lF02.res -plugin-opt=-pass-through=-lgcc -plugin-opt=-pass-through=-lgcc_s -plugin-opt=-pass-through=-lc -plugin-opt=-pass-through=-lgcc -plugin-opt=-pass-through=-lgcc_s --build-id --eh-frame-hdr --hash-style=gnu -m elf_i386 -export-dynamic -dynamic-linker /lib/ld-linux.so.2 -o cmTryCompileExec3172544576 /usr/lib/gcc/i686-pc-linux-gnu/4.9.1/../../../crt1.o /usr/lib/gcc/i686-pc-linux-gnu/4.9.1/../../../crti.o /usr/lib/gcc/i686-pc-linux-gnu/4.9.1/crtbegin.o -L/usr/lib/gcc/i686-pc-linux-gnu/4.9.1 -L/usr/lib/gcc/i686-pc-linux-gnu/4.9.1/../../.. CMakeFiles/cmTryCompileExec3172544576.dir/CMakeCCompilerABI.c.o -lgcc --as-needed -lgcc_s --no-as-needed -lc -lgcc --as-needed -lgcc_s --no-as-needed /usr/lib/gcc/i686-pc-linux-gnu/4.9.1/crtend.o /usr/lib/gcc/i686-pc-linux-gnu/4.9.1/../../../crtn.o
make[1]: Leaving directory '/home/joaqim/tribble/build/CMakeFiles/CMakeTmp'


Parsed C implicit link information from above output:
  link line regex: [^( *|.*[/\])(ld|([^/\]+-)?ld|collect2)[^/\]*( |$)]
  ignore line: [Change Dir: /home/joaqim/tribble/build/CMakeFiles/CMakeTmp]
  ignore line: []
  ignore line: [Run Build Command:"/usr/bin/make" "cmTryCompileExec3172544576/fast"]
  ignore line: [/usr/bin/make -f CMakeFiles/cmTryCompileExec3172544576.dir/build.make CMakeFiles/cmTryCompileExec3172544576.dir/build]
  ignore line: [make[1]: Entering directory '/home/joaqim/tribble/build/CMakeFiles/CMakeTmp']
  ignore line: [/usr/bin/cmake -E cmake_progress_report /home/joaqim/tribble/build/CMakeFiles/CMakeTmp/CMakeFiles 1]
  ignore line: [Building C object CMakeFiles/cmTryCompileExec3172544576.dir/CMakeCCompilerABI.c.o]
  ignore line: [/usr/bin/cc    -o CMakeFiles/cmTryCompileExec3172544576.dir/CMakeCCompilerABI.c.o   -c /usr/share/cmake-3.0/Modules/CMakeCCompilerABI.c]
  ignore line: [Linking C executable cmTryCompileExec3172544576]
  ignore line: [/usr/bin/cmake -E cmake_link_script CMakeFiles/cmTryCompileExec3172544576.dir/link.txt --verbose=1]
  ignore line: [/usr/bin/cc     -v CMakeFiles/cmTryCompileExec3172544576.dir/CMakeCCompilerABI.c.o  -o cmTryCompileExec3172544576 -rdynamic  ]
  ignore line: [Using built-in specs.]
  ignore line: [COLLECT_GCC=/usr/bin/cc]
  ignore line: [COLLECT_LTO_WRAPPER=/usr/lib/gcc/i686-pc-linux-gnu/4.9.1/lto-wrapper]
  ignore line: [Target: i686-pc-linux-gnu]
  ignore line: [Configured with: /build/gcc/src/gcc-4.9-20140903/configure --prefix=/usr --libdir=/usr/lib --libexecdir=/usr/lib --mandir=/usr/share/man --infodir=/usr/share/info --with-bugurl=https://bugs.archlinux.org/ --enable-languages=c,c++,ada,fortran,go,lto,objc,obj-c++ --enable-shared --enable-threads=posix --with-system-zlib --enable-__cxa_atexit --disable-libunwind-exceptions --enable-clocale=gnu --disable-libstdcxx-pch --disable-libssp --enable-gnu-unique-object --enable-linker-build-id --enable-cloog-backend=isl --disable-isl-version-check --disable-cloog-version-check --enable-lto --enable-plugin --enable-install-libiberty --with-linker-hash-style=gnu --disable-multilib --disable-werror --enable-checking=release]
  ignore line: [Thread model: posix]
  ignore line: [gcc version 4.9.1 20140903 (prerelease) (GCC) ]
  ignore line: [COMPILER_PATH=/usr/lib/gcc/i686-pc-linux-gnu/4.9.1/:/usr/lib/gcc/i686-pc-linux-gnu/4.9.1/:/usr/lib/gcc/i686-pc-linux-gnu/:/usr/lib/gcc/i686-pc-linux-gnu/4.9.1/:/usr/lib/gcc/i686-pc-linux-gnu/]
  ignore line: [LIBRARY_PATH=/usr/lib/gcc/i686-pc-linux-gnu/4.9.1/:/usr/lib/gcc/i686-pc-linux-gnu/4.9.1/../../../:/lib/:/usr/lib/]
  ignore line: [COLLECT_GCC_OPTIONS='-v' '-o' 'cmTryCompileExec3172544576' '-rdynamic' '-mtune=generic' '-march=pentiumpro']
  link line: [ /usr/lib/gcc/i686-pc-linux-gnu/4.9.1/collect2 -plugin /usr/lib/gcc/i686-pc-linux-gnu/4.9.1/liblto_plugin.so -plugin-opt=/usr/lib/gcc/i686-pc-linux-gnu/4.9.1/lto-wrapper -plugin-opt=-fresolution=/tmp/ccE8lF02.res -plugin-opt=-pass-through=-lgcc -plugin-opt=-pass-through=-lgcc_s -plugin-opt=-pass-through=-lc -plugin-opt=-pass-through=-lgcc -plugin-opt=-pass-through=-lgcc_s --build-id --eh-frame-hdr --hash-style=gnu -m elf_i386 -export-dynamic -dynamic-linker /lib/ld-linux.so.2 -o cmTryCompileExec3172544576 /usr/lib/gcc/i686-pc-linux-gnu/4.9.1/../../../crt1.o /usr/lib/gcc/i686-pc-linux-gnu/4.9.1/../../../crti.o /usr/lib/gcc/i686-pc-linux-gnu/4.9.1/crtbegin.o -L/usr/lib/gcc/i686-pc-linux-gnu/4.9.1 -L/usr/lib/gcc/i686-pc-linux-gnu/4.9.1/../../.. CMakeFiles/cmTryCompileExec3172544576.dir/CMakeCCompilerABI.c.o -lgcc --as-needed -lgcc_s --no-as-needed -lc -lgcc --as-needed -lgcc_s --no-as-needed /usr/lib/gcc/i686-pc-linux-gnu/4.9.1/crtend.o /usr/lib/gcc/i686-pc-linux-gnu/4.9.1/../../../crtn.o]
    arg [/usr/lib/gcc/i686-pc-linux-gnu/4.9.1/collect2] ==> ignore
    arg [-plugin] ==> ignore
    arg [/usr/lib/gcc/i686-pc-linux-gnu/4.9.1/liblto_plugin.so] ==> ignore
    arg [-plugin-opt=/usr/lib/gcc/i686-pc-linux-gnu/4.9.1/lto-wrapper] ==> ignore
    arg [-plugin-opt=-fresolution=/tmp/ccE8lF02.res] ==> ignore
    arg [-plugin-opt=-pass-through=-lgcc] ==> ignore
    arg [-plugin-opt=-pass-through=-lgcc_s] ==> ignore
    arg [-plugin-opt=-pass-through=-lc] ==> ignore
    arg [-plugin-opt=-pass-through=-lgcc] ==> ignore
    arg [-plugin-opt=-pass-through=-lgcc_s] ==> ignore
    arg [--build-id] ==> ignore
    arg [--eh-frame-hdr] ==> ignore
    arg [--hash-style=gnu] ==> ignore
    arg [-m] ==> ignore
    arg [elf_i386] ==> ignore
    arg [-export-dynamic] ==> ignore
    arg [-dynamic-linker] ==> ignore
    arg [/lib/ld-linux.so.2] ==> ignore
    arg [-o] ==> ignore
    arg [cmTryCompileExec3172544576] ==> ignore
    arg [/usr/lib/gcc/i686-pc-linux-gnu/4.9.1/../../../crt1.o] ==> ignore
    arg [/usr/lib/gcc/i686-pc-linux-gnu/4.9.1/../../../crti.o] ==> ignore
    arg [/usr/lib/gcc/i686-pc-linux-gnu/4.9.1/crtbegin.o] ==> ignore
    arg [-L/usr/lib/gcc/i686-pc-linux-gnu/4.9.1] ==> dir [/usr/lib/gcc/i686-pc-linux-gnu/4.9.1]
    arg [-L/usr/lib/gcc/i686-pc-linux-gnu/4.9.1/../../..] ==> dir [/usr/lib/gcc/i686-pc-linux-gnu/4.9.1/../../..]
    arg [CMakeFiles/cmTryCompileExec3172544576.dir/CMakeCCompilerABI.c.o] ==> ignore
    arg [-lgcc] ==> lib [gcc]
    arg [--as-needed] ==> ignore
    arg [-lgcc_s] ==> lib [gcc_s]
    arg [--no-as-needed] ==> ignore
    arg [-lc] ==> lib [c]
    arg [-lgcc] ==> lib [gcc]
    arg [--as-needed] ==> ignore
    arg [-lgcc_s] ==> lib [gcc_s]
    arg [--no-as-needed] ==> ignore
    arg [/usr/lib/gcc/i686-pc-linux-gnu/4.9.1/crtend.o] ==> ignore
    arg [/usr/lib/gcc/i686-pc-linux-gnu/4.9.1/../../../crtn.o] ==> ignore
  remove lib [gcc]
  remove lib [gcc_s]
  remove lib [gcc]
  remove lib [gcc_s]
  collapse library dir [/usr/lib/gcc/i686-pc-linux-gnu/4.9.1] ==> [/usr/lib/gcc/i686-pc-linux-gnu/4.9.1]
  collapse library dir [/usr/lib/gcc/i686-pc-linux-gnu/4.9.1/../../..] ==> [/usr/lib]
  implicit libs: [c]
  implicit dirs: [/usr/lib/gcc/i686-pc-linux-gnu/4.9.1;/usr/lib]
  implicit fwks: []


Determining if the CXX compiler works passed with the following output:
Change Dir: /home/joaqim/tribble/build/CMakeFiles/CMakeTmp

Run Build Command:"/usr/bin/make" "cmTryCompileExec3534457709/fast"
/usr/bin/make -f CMakeFiles/cmTryCompileExec3534457709.dir/build.make CMakeFiles/cmTryCompileExec3534457709.dir/build
make[1]: Entering directory '/home/joaqim/tribble/build/CMakeFiles/CMakeTmp'
/usr/bin/cmake -E cmake_progress_report /home/joaqim/tribble/build/CMakeFiles/CMakeTmp/CMakeFiles 1
Building CXX object CMakeFiles/cmTryCompileExec3534457709.dir/testCXXCompiler.cxx.o
/usr/bin/c++     -o CMakeFiles/cmTryCompileExec3534457709.dir/testCXXCompiler.cxx.o -c /home/joaqim/tribble/build/CMakeFiles/CMakeTmp/testCXXCompiler.cxx
Linking CXX executable cmTryCompileExec3534457709
/usr/bin/cmake -E cmake_link_script CMakeFiles/cmTryCompileExec3534457709.dir/link.txt --verbose=1
/usr/bin/c++        CMakeFiles/cmTryCompileExec3534457709.dir/testCXXCompiler.cxx.o  -o cmTryCompileExec3534457709 -rdynamic 
make[1]: Leaving directory '/home/joaqim/tribble/build/CMakeFiles/CMakeTmp'


Detecting CXX compiler ABI info compiled with the following output:
Change Dir: /home/joaqim/tribble/build/CMakeFiles/CMakeTmp

Run Build Command:"/usr/bin/make" "cmTryCompileExec1034874764/fast"
/usr/bin/make -f CMakeFiles/cmTryCompileExec1034874764.dir/build.make CMakeFiles/cmTryCompileExec1034874764.dir/build
make[1]: Entering directory '/home/joaqim/tribble/build/CMakeFiles/CMakeTmp'
/usr/bin/cmake -E cmake_progress_report /home/joaqim/tribble/build/CMakeFiles/CMakeTmp/CMakeFiles 1
Building CXX object CMakeFiles/cmTryCompileExec1034874764.dir/CMakeCXXCompilerABI.cpp.o
/usr/bin/c++     -o CMakeFiles/cmTryCompileExec1034874764.dir/CMakeCXXCompilerABI.cpp.o -c /usr/share/cmake-3.0/Modules/CMakeCXXCompilerABI.cpp
Linking CXX executable cmTryCompileExec1034874764
/usr/bin/cmake -E cmake_link_script CMakeFiles/cmTryCompileExec1034874764.dir/link.txt --verbose=1
/usr/bin/c++      -v CMakeFiles/cmTryCompileExec1034874764.dir/CMakeCXXCompilerABI.cpp.o  -o cmTryCompileExec1034874764 -rdynamic  
Using built-in specs.
COLLECT_GCC=/usr/bin/c++
COLLECT_LTO_WRAPPER=/usr/lib/gcc/i686-pc-linux-gnu/4.9.1/lto-wrapper
Target: i686-pc-linux-gnu
Configured with: /build/gcc/src/gcc-4.9-20140903/configure --prefix=/usr --libdir=/usr/lib --libexecdir=/usr/lib --mandir=/usr/share/man --infodir=/usr/share/info --with-bugurl=https://bugs.archlinux.org/ --enable-languages=c,c++,ada,fortran,go,lto,objc,obj-c++ --enable-shared --enable-threads=posix --with-system-zlib --enable-__cxa_atexit --disable-libunwind-exceptions --enable-clocale=gnu --disable-libstdcxx-pch --disable-libssp --enable-gnu-unique-object --enable-linker-build-id --enable-cloog-backend=isl --disable-isl-version-check --disable-cloog-version-check --enable-lto --enable-plugin --enable-install-libiberty --with-linker-hash-style=gnu --disable-multilib --disable-werror --enable-checking=release
Thread model: posix
gcc version 4.9.1 20140903 (prerelease) (GCC) 
COMPILER_PATH=/usr/lib/gcc/i686-pc-linux-gnu/4.9.1/:/usr/lib/gcc/i686-pc-linux-gnu/4.9.1/:/usr/lib/gcc/i686-pc-linux-gnu/:/usr/lib/gcc/i686-pc-linux-gnu/4.9.1/:/usr/lib/gcc/i686-pc-linux-gnu/
LIBRARY_PATH=/usr/lib/gcc/i686-pc-linux-gnu/4.9.1/:/usr/lib/gcc/i686-pc-linux-gnu/4.9.1/../../../:/lib/:/usr/lib/
COLLECT_GCC_OPTIONS='-v' '-o' 'cmTryCompileExec1034874764' '-rdynamic' '-shared-libgcc' '-mtune=generic' '-march=pentiumpro'
 /usr/lib/gcc/i686-pc-linux-gnu/4.9.1/collect2 -plugin /usr/lib/gcc/i686-pc-linux-gnu/4.9.1/liblto_plugin.so -plugin-opt=/usr/lib/gcc/i686-pc-linux-gnu/4.9.1/lto-wrapper -plugin-opt=-fresolution=/tmp/ccZ4H1zT.res -plugin-opt=-pass-through=-lgcc_s -plugin-opt=-pass-through=-lgcc -plugin-opt=-pass-through=-lc -plugin-opt=-pass-through=-lgcc_s -plugin-opt=-pass-through=-lgcc --build-id --eh-frame-hdr --hash-style=gnu -m elf_i386 -export-dynamic -dynamic-linker /lib/ld-linux.so.2 -o cmTryCompileExec1034874764 /usr/lib/gcc/i686-pc-linux-gnu/4.9.1/../../../crt1.o /usr/lib/gcc/i686-pc-linux-gnu/4.9.1/../../../crti.o /usr/lib/gcc/i686-pc-linux-gnu/4.9.1/crtbegin.o -L/usr/lib/gcc/i686-pc-linux-gnu/4.9.1 -L/usr/lib/gcc/i686-pc-linux-gnu/4.9.1/../../.. CMakeFiles/cmTryCompileExec1034874764.dir/CMakeCXXCompilerABI.cpp.o -lstdc++ -lm -lgcc_s -lgcc -lc -lgcc_s -lgcc /usr/lib/gcc/i686-pc-linux-gnu/4.9.1/crtend.o /usr/lib/gcc/i686-pc-linux-gnu/4.9.1/../../../crtn.o
make[1]: Leaving directory '/home/joaqim/tribble/build/CMakeFiles/CMakeTmp'


Parsed CXX implicit link information from above output:
  link line regex: [^( *|.*[/\])(ld|([^/\]+-)?ld|collect2)[^/\]*( |$)]
  ignore line: [Change Dir: /home/joaqim/tribble/build/CMakeFiles/CMakeTmp]
  ignore line: []
  ignore line: [Run Build Command:"/usr/bin/make" "cmTryCompileExec1034874764/fast"]
  ignore line: [/usr/bin/make -f CMakeFiles/cmTryCompileExec1034874764.dir/build.make CMakeFiles/cmTryCompileExec1034874764.dir/build]
  ignore line: [make[1]: Entering directory '/home/joaqim/tribble/build/CMakeFiles/CMakeTmp']
  ignore line: [/usr/bin/cmake -E cmake_progress_report /home/joaqim/tribble/build/CMakeFiles/CMakeTmp/CMakeFiles 1]
  ignore line: [Building CXX object CMakeFiles/cmTryCompileExec1034874764.dir/CMakeCXXCompilerABI.cpp.o]
  ignore line: [/usr/bin/c++     -o CMakeFiles/cmTryCompileExec1034874764.dir/CMakeCXXCompilerABI.cpp.o -c /usr/share/cmake-3.0/Modules/CMakeCXXCompilerABI.cpp]
  ignore line: [Linking CXX executable cmTryCompileExec1034874764]
  ignore line: [/usr/bin/cmake -E cmake_link_script CMakeFiles/cmTryCompileExec1034874764.dir/link.txt --verbose=1]
  ignore line: [/usr/bin/c++      -v CMakeFiles/cmTryCompileExec1034874764.dir/CMakeCXXCompilerABI.cpp.o  -o cmTryCompileExec1034874764 -rdynamic  ]
  ignore line: [Using built-in specs.]
  ignore line: [COLLECT_GCC=/usr/bin/c++]
  ignore line: [COLLECT_LTO_WRAPPER=/usr/lib/gcc/i686-pc-linux-gnu/4.9.1/lto-wrapper]
  ignore line: [Target: i686-pc-linux-gnu]
  ignore line: [Configured with: /build/gcc/src/gcc-4.9-20140903/configure --prefix=/usr --libdir=/usr/lib --libexecdir=/usr/lib --mandir=/usr/share/man --infodir=/usr/share/info --with-bugurl=https://bugs.archlinux.org/ --enable-languages=c,c++,ada,fortran,go,lto,objc,obj-c++ --enable-shared --enable-threads=posix --with-system-zlib --enable-__cxa_atexit --disable-libunwind-exceptions --enable-clocale=gnu --disable-libstdcxx-pch --disable-libssp --enable-gnu-unique-object --enable-linker-build-id --enable-cloog-backend=isl --disable-isl-version-check --disable-cloog-version-check --enable-lto --enable-plugin --enable-install-libiberty --with-linker-hash-style=gnu --disable-multilib --disable-werror --enable-checking=release]
  ignore line: [Thread model: posix]
  ignore line: [gcc version 4.9.1 20140903 (prerelease) (GCC) ]
  ignore line: [COMPILER_PATH=/usr/lib/gcc/i686-pc-linux-gnu/4.9.1/:/usr/lib/gcc/i686-pc-linux-gnu/4.9.1/:/usr/lib/gcc/i686-pc-linux-gnu/:/usr/lib/gcc/i686-pc-linux-gnu/4.9.1/:/usr/lib/gcc/i686-pc-linux-gnu/]
  ignore line: [LIBRARY_PATH=/usr/lib/gcc/i686-pc-linux-gnu/4.9.1/:/usr/lib/gcc/i686-pc-linux-gnu/4.9.1/../../../:/lib/:/usr/lib/]
  ignore line: [COLLECT_GCC_OPTIONS='-v' '-o' 'cmTryCompileExec1034874764' '-rdynamic' '-shared-libgcc' '-mtune=generic' '-march=pentiumpro']
  link line: [ /usr/lib/gcc/i686-pc-linux-gnu/4.9.1/collect2 -plugin /usr/lib/gcc/i686-pc-linux-gnu/4.9.1/liblto_plugin.so -plugin-opt=/usr/lib/gcc/i686-pc-linux-gnu/4.9.1/lto-wrapper -plugin-opt=-fresolution=/tmp/ccZ4H1zT.res -plugin-opt=-pass-through=-lgcc_s -plugin-opt=-pass-through=-lgcc -plugin-opt=-pass-through=-lc -plugin-opt=-pass-through=-lgcc_s -plugin-opt=-pass-through=-lgcc --build-id --eh-frame-hdr --hash-style=gnu -m elf_i386 -export-dynamic -dynamic-linker /lib/ld-linux.so.2 -o cmTryCompileExec1034874764 /usr/lib/gcc/i686-pc-linux-gnu/4.9.1/../../../crt1.o /usr/lib/gcc/i686-pc-linux-gnu/4.9.1/../../../crti.o /usr/lib/gcc/i686-pc-linux-gnu/4.9.1/crtbegin.o -L/usr/lib/gcc/i686-pc-linux-gnu/4.9.1 -L/usr/lib/gcc/i686-pc-linux-gnu/4.9.1/../../.. CMakeFiles/cmTryCompileExec1034874764.dir/CMakeCXXCompilerABI.cpp.o -lstdc++ -lm -lgcc_s -lgcc -lc -lgcc_s -lgcc /usr/lib/gcc/i686-pc-linux-gnu/4.9.1/crtend.o /usr/lib/gcc/i686-pc-linux-gnu/4.9.1/../../../crtn.o]
    arg [/usr/lib/gcc/i686-pc-linux-gnu/4.9.1/collect2] ==> ignore
    arg [-plugin] ==> ignore
    arg [/usr/lib/gcc/i686-pc-linux-gnu/4.9.1/liblto_plugin.so] ==> ignore
    arg [-plugin-opt=/usr/lib/gcc/i686-pc-linux-gnu/4.9.1/lto-wrapper] ==> ignore
    arg [-plugin-opt=-fresolution=/tmp/ccZ4H1zT.res] ==> ignore
    arg [-plugin-opt=-pass-through=-lgcc_s] ==> ignore
    arg [-plugin-opt=-pass-through=-lgcc] ==> ignore
    arg [-plugin-opt=-pass-through=-lc] ==> ignore
    arg [-plugin-opt=-pass-through=-lgcc_s] ==> ignore
    arg [-plugin-opt=-pass-through=-lgcc] ==> ignore
    arg [--build-id] ==> ignore
    arg [--eh-frame-hdr] ==> ignore
    arg [--hash-style=gnu] ==> ignore
    arg [-m] ==> ignore
    arg [elf_i386] ==> ignore
    arg [-export-dynamic] ==> ignore
    arg [-dynamic-linker] ==> ignore
    arg [/lib/ld-linux.so.2] ==> ignore
    arg [-o] ==> ignore
    arg [cmTryCompileExec1034874764] ==> ignore
    arg [/usr/lib/gcc/i686-pc-linux-gnu/4.9.1/../../../crt1.o] ==> ignore
    arg [/usr/lib/gcc/i686-pc-linux-gnu/4.9.1/../../../crti.o] ==> ignore
    arg [/usr/lib/gcc/i686-pc-linux-gnu/4.9.1/crtbegin.o] ==> ignore
    arg [-L/usr/lib/gcc/i686-pc-linux-gnu/4.9.1] ==> dir [/usr/lib/gcc/i686-pc-linux-gnu/4.9.1]
    arg [-L/usr/lib/gcc/i686-pc-linux-gnu/4.9.1/../../..] ==> dir [/usr/lib/gcc/i686-pc-linux-gnu/4.9.1/../../..]
    arg [CMakeFiles/cmTryCompileExec1034874764.dir/CMakeCXXCompilerABI.cpp.o] ==> ignore
    arg [-lstdc++] ==> lib [stdc++]
    arg [-lm] ==> lib [m]
    arg [-lgcc_s] ==> lib [gcc_s]
    arg [-lgcc] ==> lib [gcc]
    arg [-lc] ==> lib [c]
    arg [-lgcc_s] ==> lib [gcc_s]
    arg [-lgcc] ==> lib [gcc]
    arg [/usr/lib/gcc/i686-pc-linux-gnu/4.9.1/crtend.o] ==> ignore
    arg [/usr/lib/gcc/i686-pc-linux-gnu/4.9.1/../../../crtn.o] ==> ignore
  remove lib [gcc_s]
  remove lib [gcc]
  remove lib [gcc_s]
  remove lib [gcc]
  collapse library dir [/usr/lib/gcc/i686-pc-linux-gnu/4.9.1] ==> [/usr/lib/gcc/i686-pc-linux-gnu/4.9.1]
  collapse library dir [/usr/lib/gcc/i686-pc-linux-gnu/4.9.1/../../..] ==> [/usr/lib]
  implicit libs: [stdc++;m;c]
  implicit dirs: [/usr/lib/gcc/i686-pc-linux-gnu/4.9.1;/usr/lib]
  implicit fwks: []


Determining if the function XOpenDisplay exists in the /usr/lib/libX11.so;/usr/lib/libXext.so passed with the following output:
Change Dir: /home/joaqim/tribble/build/CMakeFiles/CMakeTmp

Run Build Command:"/usr/bin/make" "cmTryCompileExec1673739188/fast"
/usr/bin/make -f CMakeFiles/cmTryCompileExec1673739188.dir/build.make CMakeFiles/cmTryCompileExec1673739188.dir/build
make[1]: Entering directory '/home/joaqim/tribble/build/CMakeFiles/CMakeTmp'
/usr/bin/cmake -E cmake_progress_report /home/joaqim/tribble/build/CMakeFiles/CMakeTmp/CMakeFiles 1
Building C object CMakeFiles/cmTryCompileExec1673739188.dir/CheckFunctionExists.c.o
/usr/bin/cc   -DCHECK_FUNCTION_EXISTS=XOpenDisplay   -o CMakeFiles/cmTryCompileExec1673739188.dir/CheckFunctionExists.c.o   -c /usr/share/cmake-3.0/Modules/CheckFunctionExists.c
Linking C executable cmTryCompileExec1673739188
/usr/bin/cmake -E cmake_link_script CMakeFiles/cmTryCompileExec1673739188.dir/link.txt --verbose=1
/usr/bin/cc   -DCHECK_FUNCTION_EXISTS=XOpenDisplay    CMakeFiles/cmTryCompileExec1673739188.dir/CheckFunctionExists.c.o  -o cmTryCompileExec1673739188 -rdynamic -lX11 -lXext 
make[1]: Leaving directory '/home/joaqim/tribble/build/CMakeFiles/CMakeTmp'


Determining if the function gethostbyname exists passed with the following output:
Change Dir: /home/joaqim/tribble/build/CMakeFiles/CMakeTmp

Run Build Command:"/usr/bin/make" "cmTryCompileExec4245862168/fast"
/usr/bin/make -f CMakeFiles/cmTryCompileExec4245862168.dir/build.make CMakeFiles/cmTryCompileExec4245862168.dir/build
make[1]: Entering directory '/home/joaqim/tribble/build/CMakeFiles/CMakeTmp'
/usr/bin/cmake -E cmake_progress_report /home/joaqim/tribble/build/CMakeFiles/CMakeTmp/CMakeFiles 1
Building C object CMakeFiles/cmTryCompileExec4245862168.dir/CheckFunctionExists.c.o
/usr/bin/cc   -DCHECK_FUNCTION_EXISTS=gethostbyname   -o CMakeFiles/cmTryCompileExec4245862168.dir/CheckFunctionExists.c.o   -c /usr/share/cmake-3.0/Modules/CheckFunctionExists.c
Linking C executable cmTryCompileExec4245862168
/usr/bin/cmake -E cmake_link_script CMakeFiles/cmTryCompileExec4245862168.dir/link.txt --verbose=1
/usr/bin/cc   -DCHECK_FUNCTION_EXISTS=gethostbyname    CMakeFiles/cmTryCompileExec4245862168.dir/CheckFunctionExists.c.o  -o cmTryCompileExec4245862168 -rdynamic 
make[1]: Leaving directory '/home/joaqim/tribble/build/CMakeFiles/CMakeTmp'


Determining if the function connect exists passed with the following output:
Change Dir: /home/joaqim/tribble/build/CMakeFiles/CMakeTmp

Run Build Command:"/usr/bin/make" "cmTryCompileExec3296276623/fast"
/usr/bin/make -f CMakeFiles/cmTryCompileExec3296276623.dir/build.make CMakeFiles/cmTryCompileExec3296276623.dir/build
make[1]: Entering directory '/home/joaqim/tribble/build/CMakeFiles/CMakeTmp'
/usr/bin/cmake -E cmake_progress_report /home/joaqim/tribble/build/CMakeFiles/CMakeTmp/CMakeFiles 1
Building C object CMakeFiles/cmTryCompileExec3296276623.dir/CheckFunctionExists.c.o
/usr/bin/cc   -DCHECK_FUNCTION_EXISTS=connect   -o CMakeFiles/cmTryCompileExec3296276623.dir/CheckFunctionExists.c.o   -c /usr/share/cmake-3.0/Modules/CheckFunctionExists.c
Linking C executable cmTryCompileExec3296276623
/usr/bin/cmake -E cmake_link_script CMakeFiles/cmTryCompileExec3296276623.dir/link.txt --verbose=1
/usr/bin/cc   -DCHECK_FUNCTION_EXISTS=connect    CMakeFiles/cmTryCompileExec3296276623.dir/CheckFunctionExists.c.o  -o cmTryCompileExec3296276623 -rdynamic 
make[1]: Leaving directory '/home/joaqim/tribble/build/CMakeFiles/CMakeTmp'


Determining if the function remove exists passed with the following output:
Change Dir: /home/joaqim/tribble/build/CMakeFiles/CMakeTmp

Run Build Command:"/usr/bin/make" "cmTryCompileExec4253030564/fast"
/usr/bin/make -f CMakeFiles/cmTryCompileExec4253030564.dir/build.make CMakeFiles/cmTryCompileExec4253030564.dir/build
make[1]: Entering directory '/home/joaqim/tribble/build/CMakeFiles/CMakeTmp'
/usr/bin/cmake -E cmake_progress_report /home/joaqim/tribble/build/CMakeFiles/CMakeTmp/CMakeFiles 1
Building C object CMakeFiles/cmTryCompileExec4253030564.dir/CheckFunctionExists.c.o
/usr/bin/cc   -DCHECK_FUNCTION_EXISTS=remove   -o CMakeFiles/cmTryCompileExec4253030564.dir/CheckFunctionExists.c.o   -c /usr/share/cmake-3.0/Modules/CheckFunctionExists.c
Linking C executable cmTryCompileExec4253030564
/usr/bin/cmake -E cmake_link_script CMakeFiles/cmTryCompileExec4253030564.dir/link.txt --verbose=1
/usr/bin/cc   -DCHECK_FUNCTION_EXISTS=remove    CMakeFiles/cmTryCompileExec4253030564.dir/CheckFunctionExists.c.o  -o cmTryCompileExec4253030564 -rdynamic 
make[1]: Leaving directory '/home/joaqim/tribble/build/CMakeFiles/CMakeTmp'


Determining if the function shmat exists passed with the following output:
Change Dir: /home/joaqim/tribble/build/CMakeFiles/CMakeTmp

Run Build Command:"/usr/bin/make" "cmTryCompileExec856910078/fast"
/usr/bin/make -f CMakeFiles/cmTryCompileExec856910078.dir/build.make CMakeFiles/cmTryCompileExec856910078.dir/build
make[1]: Entering directory '/home/joaqim/tribble/build/CMakeFiles/CMakeTmp'
/usr/bin/cmake -E cmake_progress_report /home/joaqim/tribble/build/CMakeFiles/CMakeTmp/CMakeFiles 1
Building C object CMakeFiles/cmTryCompileExec856910078.dir/CheckFunctionExists.c.o
/usr/bin/cc   -DCHECK_FUNCTION_EXISTS=shmat   -o CMakeFiles/cmTryCompileExec856910078.dir/CheckFunctionExists.c.o   -c /usr/share/cmake-3.0/Modules/CheckFunctionExists.c
Linking C executable cmTryCompileExec856910078
/usr/bin/cmake -E cmake_link_script CMakeFiles/cmTryCompileExec856910078.dir/link.txt --verbose=1
/usr/bin/cc   -DCHECK_FUNCTION_EXISTS=shmat    CMakeFiles/cmTryCompileExec856910078.dir/CheckFunctionExists.c.o  -o cmTryCompileExec856910078 -rdynamic 
make[1]: Leaving directory '/home/joaqim/tribble/build/CMakeFiles/CMakeTmp'


Determining if the function IceConnectionNumber exists in the ICE passed with the following output:
Change Dir: /home/joaqim/tribble/build/CMakeFiles/CMakeTmp

Run Build Command:"/usr/bin/make" "cmTryCompileExec2006353392/fast"
/usr/bin/make -f CMakeFiles/cmTryCompileExec2006353392.dir/build.make CMakeFiles/cmTryCompileExec2006353392.dir/build
make[1]: Entering directory '/home/joaqim/tribble/build/CMakeFiles/CMakeTmp'
/usr/bin/cmake -E cmake_progress_report /home/joaqim/tribble/build/CMakeFiles/CMakeTmp/CMakeFiles 1
Building C object CMakeFiles/cmTryCompileExec2006353392.dir/CheckFunctionExists.c.o
/usr/bin/cc   -DCHECK_FUNCTION_EXISTS=IceConnectionNumber   -o CMakeFiles/cmTryCompileExec2006353392.dir/CheckFunctionExists.c.o   -c /usr/share/cmake-3.0/Modules/CheckFunctionExists.c
Linking C executable cmTryCompileExec2006353392
/usr/bin/cmake -E cmake_link_script CMakeFiles/cmTryCompileExec2006353392.dir/link.txt --verbose=1
/usr/bin/cc   -DCHECK_FUNCTION_EXISTS=IceConnectionNumber    CMakeFiles/cmTryCompileExec2006353392.dir/CheckFunctionExists.c.o  -o cmTryCompileExec2006353392 -rdynamic -lICE 
make[1]: Leaving directory '/home/joaqim/tribble/build/CMakeFiles/CMakeTmp'


